<?xml version="1.0" encoding="UTF-8"?>
<!-- Generated by org.testng.reporters.JUnitReportReporter -->
<testsuite hostname="admin-PC" name="Tour.Baseclass" tests="1" failures="0" timestamp="15 Nov 2019 16:46:20 GMT" time="23.255" errors="0">
  <testcase name="registerPageHandle" time="23.255" classname="Tour.Baseclass"/>
</testsuite> <!-- Tour.Baseclass -->
