<?xml version="1.0" encoding="UTF-8"?>
<!-- Generated by org.testng.reporters.JUnitReportReporter -->
<testsuite hostname="admin-PC" name="Tour.demo" tests="1" failures="0" timestamp="9 Nov 2019 17:30:06 GMT" time="30.551" errors="0">
  <testcase name="demos" time="30.551" classname="Tour.demo"/>
</testsuite> <!-- Tour.demo -->
