<?xml version="1.0" encoding="UTF-8"?>
<!-- Generated by org.testng.reporters.JUnitReportReporter -->
<testsuite hostname="admin-PC" name="Tour.demo2" tests="2" failures="0" timestamp="9 Nov 2019 17:36:49 GMT" time="52.005" errors="0">
  <testcase name="demos" time="39.542" classname="Tour.demo2"/>
  <testcase name="demodd" time="12.463" classname="Tour.demo2"/>
</testsuite> <!-- Tour.demo2 -->
