<?xml version="1.0" encoding="UTF-8"?>
<!-- Generated by org.testng.reporters.JUnitReportReporter -->
<testsuite hostname="admin-PC" name="Tour.ListenerTo" tests="1" failures="0" timestamp="15 Nov 2019 16:14:00 GMT" time="63.633" errors="0">
  <testcase name="registerPageHandle" time="63.633" classname="Tour.ListenerTo"/>
</testsuite> <!-- Tour.ListenerTo -->
