<?xml version="1.0" encoding="UTF-8"?>
<!-- Generated by org.testng.reporters.JUnitReportReporter -->
<testsuite hostname="admin-PC" name="testcases.NavigationSel" tests="1" failures="0" timestamp="21 Dec 2019 16:58:43 GMT" time="22.264" errors="0">
  <testcase name="registerPageHandle" time="22.264" classname="testcases.NavigationSel"/>
</testsuite> <!-- testcases.NavigationSel -->
