<?xml version="1.0" encoding="UTF-8"?>
<!-- Generated by org.testng.reporters.JUnitReportReporter -->
<testsuite hostname="admin-PC" name="testcases.RegisterPageFill" tests="1" failures="0" timestamp="21 Dec 2019 16:58:43 GMT" time="0.493" errors="0">
  <testcase name="fillRegisterPage" time="0.493" classname="testcases.RegisterPageFill"/>
</testsuite> <!-- testcases.RegisterPageFill -->
