<?xml version="1.0" encoding="UTF-8"?>
<!-- Generated by org.testng.reporters.JUnitReportReporter -->
<testsuite hostname="admin-PC" name="testcases.Webtable" tests="1" failures="0" timestamp="21 Dec 2019 16:58:43 GMT" time="100.951" errors="0">
  <testcase name="webtablehandle" time="100.951" classname="testcases.Webtable"/>
</testsuite> <!-- testcases.Webtable -->
